{"numFailedTestSuites":0,"numFailedTests":0,"numPassedTestSuites":40,"numPassedTests":40,"numPendingTestSuites":0,"numPendingTests":0,"numRuntimeErrorTestSuites":0,"numTodoTests":0,"numTotalTestSuites":40,"numTotalTests":40,"openHandles":[],"snapshot":{"added":0,"didUpdate":false,"failure":false,"filesAdded":0,"filesRemoved":0,"filesRemovedList":[],"filesUnmatched":0,"filesUpdated":0,"matched":40,"total":40,"unchecked":0,"uncheckedKeysByFile":[],"unmatched":0,"updated":0},"startTime":1694097244897,"success":true,"testResults":[{"assertionResults":[{"ancestorTitles":["<ConditionalStylesheet />","Render"],"duration":64,"failureDetails":[],"failureMessages":[],"fullName":"<ConditionalStylesheet /> Render must match regular()","invocations":1,"location":null,"numPassingAsserts":1,"retryReasons":[],"status":"passed","title":"must match regular()"}],"endTime":1694097273371,"message":"","name":"/Users/mts/PapillonBitsHub/freestyler/src/2 HTML Design Patterns/2-05 Conditional Stylesheet/__tests__/ConditionalStylesheet.int.test.js","startTime":1694097247197,"status":"passed","summary":""},{"assertionResults":[{"ancestorTitles":["<MarginalGraphicDropCap />","Render"],"duration":71,"failureDetails":[],"failureMessages":[],"fullName":"<MarginalGraphicDropCap /> Render must match regular()","invocations":1,"location":null,"numPassingAsserts":1,"retryReasons":[],"status":"passed","title":"must match regular()"}],"endTime":1694097273377,"message":"","name":"/Users/mts/PapillonBitsHub/freestyler/src/1 Design Patterns/1-05 Marginal Graphic Drop Cap/__tests__/MarginalGraphicDropCap.int.test.js","startTime":1694097247192,"status":"passed","summary":""},{"assertionResults":[{"ancestorTitles":["<PseudoElementSelectors />","Render"],"duration":37,"failureDetails":[],"failureMessages":[],"fullName":"<PseudoElementSelectors /> Render must match regular()","invocations":1,"location":null,"numPassingAsserts":1,"retryReasons":[],"status":"passed","title":"must match regular()"}],"endTime":1694097273393,"message":"","name":"/Users/mts/PapillonBitsHub/freestyler/src/3 Selectors/3-04 Pseudo-element Selectors/__tests__/PseudoElementSelectors.int.test.js","startTime":1694097247194,"status":"passed","summary":""},{"assertionResults":[{"ancestorTitles":["<PositionGroupSelectors />","Render"],"duration":28,"failureDetails":[],"failureMessages":[],"fullName":"<PositionGroupSelectors /> Render must match regular()","invocations":1,"location":null,"numPassingAsserts":1,"retryReasons":[],"status":"passed","title":"must match regular()"}],"endTime":1694097273479,"message":"","name":"/Users/mts/PapillonBitsHub/freestyler/src/3 Selectors/3-02 Position and Group Selectors/__tests__/PositionGroupSelectors.int.test.js","startTime":1694097247197,"status":"passed","summary":""},{"assertionResults":[{"ancestorTitles":["<MultiPurposeBlockElements />","Render"],"duration":35,"failureDetails":[],"failureMessages":[],"fullName":"<MultiPurposeBlockElements /> Render must match regular()","invocations":1,"location":null,"numPassingAsserts":1,"retryReasons":[],"status":"passed","title":"must match regular()"}],"endTime":1694097273530,"message":"","name":"/Users/mts/PapillonBitsHub/freestyler/src/2 HTML Design Patterns/2-08 Multi-purpose Block Elements/__tests__/MultiPurposeBlockElements.int.test.js","startTime":1694097247193,"status":"passed","summary":""},{"assertionResults":[{"ancestorTitles":["<StructuralBlockElements />","Render"],"duration":212,"failureDetails":[],"failureMessages":[],"fullName":"<StructuralBlockElements /> Render must match regular()","invocations":1,"location":null,"numPassingAsserts":1,"retryReasons":[],"status":"passed","title":"must match regular()"}],"endTime":1694097273558,"message":"","name":"/Users/mts/PapillonBitsHub/freestyler/src/2 HTML Design Patterns/2-06 Structural Block Elements/__tests__/StructuralBlockElements.int.test.js","startTime":1694097247193,"status":"passed","summary":""},{"assertionResults":[{"ancestorTitles":["<TerminalBlockElements />","Render"],"duration":68,"failureDetails":[],"failureMessages":[],"fullName":"<TerminalBlockElements /> Render must match regular()","invocations":1,"location":null,"numPassingAsserts":1,"retryReasons":[],"status":"passed","title":"must match regular()"}],"endTime":1694097273560,"message":"","name":"/Users/mts/PapillonBitsHub/freestyler/src/2 HTML Design Patterns/2-07 Terminal Block Elements/__tests__/TerminalBlockElements.int.test.js","startTime":1694097247198,"status":"passed","summary":""},{"assertionResults":[{"ancestorTitles":["<VisualInheritance />","Render"],"duration":26,"failureDetails":[],"failureMessages":[],"fullName":"<VisualInheritance /> Render must match regular()","invocations":1,"location":null,"numPassingAsserts":1,"retryReasons":[],"status":"passed","title":"must match regular()"}],"endTime":1694097283778,"message":"","name":"/Users/mts/PapillonBitsHub/freestyler/src/3 Selectors/3-08 Visual Inheritance/__tests__/VisualInheritance.int.test.js","startTime":1694097273489,"status":"passed","summary":""},{"assertionResults":[{"ancestorTitles":["<ClassIdAttributes />","Render"],"duration":29,"failureDetails":[],"failureMessages":[],"fullName":"<ClassIdAttributes /> Render must match regular()","invocations":1,"location":null,"numPassingAsserts":1,"retryReasons":[],"status":"passed","title":"must match regular()"}],"endTime":1694097283781,"message":"","name":"/Users/mts/PapillonBitsHub/freestyler/src/2 HTML Design Patterns/2-10 Class and ID Attributes/__tests__/ClassIdAttributes.int.test.js","startTime":1694097273541,"status":"passed","summary":""},{"assertionResults":[{"ancestorTitles":["<AttributeSelectors />","Render"],"duration":27,"failureDetails":[],"failureMessages":[],"fullName":"<AttributeSelectors /> Render must match regular()","invocations":1,"location":null,"numPassingAsserts":1,"retryReasons":[],"status":"passed","title":"must match regular()"}],"endTime":1694097283788,"message":"","name":"/Users/mts/PapillonBitsHub/freestyler/src/3 Selectors/3-03 Attribute Selectors/__tests__/AttributeSelectors.int.test.js","startTime":1694097273440,"status":"passed","summary":""},{"assertionResults":[{"ancestorTitles":["<PseudoClassSelectors />","Render"],"duration":41,"failureDetails":[],"failureMessages":[],"fullName":"<PseudoClassSelectors /> Render must match regular()","invocations":1,"location":null,"numPassingAsserts":1,"retryReasons":[],"status":"passed","title":"must match regular()"}],"endTime":1694097283885,"message":"","name":"/Users/mts/PapillonBitsHub/freestyler/src/3 Selectors/3-05 Presudo-class Selectors/__tests__/PseudoClassSelectors.int.test.js","startTime":1694097273407,"status":"passed","summary":""},{"assertionResults":[{"ancestorTitles":["<TypeClassIdSelectors />","Render"],"duration":44,"failureDetails":[],"failureMessages":[],"fullName":"<TypeClassIdSelectors /> Render must match regular()","invocations":1,"location":null,"numPassingAsserts":1,"retryReasons":[],"status":"passed","title":"must match regular()"}],"endTime":1694097283890,"message":"","name":"/Users/mts/PapillonBitsHub/freestyler/src/3 Selectors/3-01 Type Class and ID Selectors/__tests__/TypeClassIdSelectors.int.test.js","startTime":1694097273415,"status":"passed","summary":""},{"assertionResults":[{"ancestorTitles":["<TextReplacement />","Render"],"duration":21,"failureDetails":[],"failureMessages":[],"fullName":"<TextReplacement /> Render must match regular()","invocations":1,"location":null,"numPassingAsserts":1,"retryReasons":[],"status":"passed","title":"must match regular()"}],"endTime":1694097286925,"message":"","name":"/Users/mts/PapillonBitsHub/freestyler/src/1 Design Patterns/1-03 Text Replacement/__tests__/TextReplacement.int.test.js","startTime":1694097274250,"status":"passed","summary":""},{"assertionResults":[{"ancestorTitles":["<SubclassSelector />","Render"],"duration":22,"failureDetails":[],"failureMessages":[],"fullName":"<SubclassSelector /> Render must match regular()","invocations":1,"location":null,"numPassingAsserts":1,"retryReasons":[],"status":"passed","title":"must match regular()"}],"endTime":1694097286925,"message":"","name":"/Users/mts/PapillonBitsHub/freestyler/src/3 Selectors/3-06 Subclass Selector/__tests__/SubclassSelector.int.test.js","startTime":1694097274243,"status":"passed","summary":""},{"assertionResults":[{"ancestorTitles":["<FloatingDropCap />","Render"],"duration":25,"failureDetails":[],"failureMessages":[],"fullName":"<FloatingDropCap /> Render must match regular()","invocations":1,"location":null,"numPassingAsserts":1,"retryReasons":[],"status":"passed","title":"must match regular()"}],"endTime":1694097293272,"message":"","name":"/Users/mts/PapillonBitsHub/freestyler/src/0 Intro/Floating Drop Cap/__tests__/FloatingDropCap.int.test.js","startTime":1694097283850,"status":"passed","summary":""},{"assertionResults":[{"ancestorTitles":["<BackgroundImage />","Render"],"duration":25,"failureDetails":[],"failureMessages":[],"fullName":"<BackgroundImage /> Render must match regular()","invocations":1,"location":null,"numPassingAsserts":1,"retryReasons":[],"status":"passed","title":"must match regular()"}],"endTime":1694097293273,"message":"","name":"/Users/mts/PapillonBitsHub/freestyler/src/1 Design Patterns/1-01 Background Image/__tests__/BackgroundImage.int.test.js","startTime":1694097283848,"status":"passed","summary":""},{"assertionResults":[{"ancestorTitles":["<HTMLWhitespace />","Render"],"duration":35,"failureDetails":[],"failureMessages":[],"fullName":"<HTMLWhitespace /> Render must match regular()","invocations":1,"location":null,"numPassingAsserts":1,"retryReasons":[],"status":"passed","title":"must match regular()"}],"endTime":1694097293283,"message":"","name":"/Users/mts/PapillonBitsHub/freestyler/src/2 HTML Design Patterns/2-11 HTML Whitespace/__tests__/HTMLWhitespace.int.test.js","startTime":1694097283949,"status":"passed","summary":""},{"assertionResults":[{"ancestorTitles":["<InlineElements />","Render"],"duration":60,"failureDetails":[],"failureMessages":[],"fullName":"<InlineElements /> Render must match regular()","invocations":1,"location":null,"numPassingAsserts":1,"retryReasons":[],"status":"passed","title":"must match regular()"}],"endTime":1694097293308,"message":"","name":"/Users/mts/PapillonBitsHub/freestyler/src/2 HTML Design Patterns/2-09 Inline Elements/__tests__/InlineElements.int.test.js","startTime":1694097283947,"status":"passed","summary":""},{"assertionResults":[{"ancestorTitles":["<InlineBlockBox />","Render"],"duration":27,"failureDetails":[],"failureMessages":[],"fullName":"<InlineBlockBox /> Render must match regular()","invocations":1,"location":null,"numPassingAsserts":1,"retryReasons":[],"status":"passed","title":"must match regular()"}],"endTime":1694097293532,"message":"","name":"/Users/mts/PapillonBitsHub/freestyler/src/4 Box Models/4-04 Inline-block Box/__tests__/InlineBlockBox.int.test.js","startTime":1694097283848,"status":"passed","summary":""},{"assertionResults":[{"ancestorTitles":["<HeaderElements />","Render"],"duration":22,"failureDetails":[],"failureMessages":[],"fullName":"<HeaderElements /> Render must match regular()","invocations":1,"location":null,"numPassingAsserts":1,"retryReasons":[],"status":"passed","title":"must match regular()"}],"endTime":1694097299419,"message":"","name":"/Users/mts/PapillonBitsHub/freestyler/src/2 HTML Design Patterns/2-04 Header Elements/__tests__/HeaderElements.int.test.js","startTime":1694097286941,"status":"passed","summary":""},{"assertionResults":[{"ancestorTitles":["<Shrinkwrapped />","Render"],"duration":55,"failureDetails":[],"failureMessages":[],"fullName":"<Shrinkwrapped /> Render must match regular()","invocations":1,"location":null,"numPassingAsserts":1,"retryReasons":[],"status":"passed","title":"must match regular()"}],"endTime":1694097299455,"message":"","name":"/Users/mts/PapillonBitsHub/freestyler/src/5 Box Model Extents/5-04 Shrinkwrapped/__tests__/Shrinkwrapped.int.test.js","startTime":1694097286944,"status":"passed","summary":""},{"assertionResults":[{"ancestorTitles":["<CascadeOrder />","Render"],"duration":23,"failureDetails":[],"failureMessages":[],"fullName":"<CascadeOrder /> Render must match regular()","invocations":1,"location":null,"numPassingAsserts":1,"retryReasons":[],"status":"passed","title":"must match regular()"}],"endTime":1694097302674,"message":"","name":"/Users/mts/PapillonBitsHub/freestyler/src/1 Design Patterns/1-07 Cascade Order/__tests__/CascadeOrder.int.test.js","startTime":1694097293345,"status":"passed","summary":""},{"assertionResults":[{"ancestorTitles":["<LeftMarginal />","Render"],"duration":24,"failureDetails":[],"failureMessages":[],"fullName":"<LeftMarginal /> Render must match regular()","invocations":1,"location":null,"numPassingAsserts":1,"retryReasons":[],"status":"passed","title":"must match regular()"}],"endTime":1694097302675,"message":"","name":"/Users/mts/PapillonBitsHub/freestyler/src/1 Design Patterns/1-04 Left Marginal/__tests__/LeftMarginal.int.test.js","startTime":1694097293350,"status":"passed","summary":""},{"assertionResults":[{"ancestorTitles":["<AbsoluteBox />","Render"],"duration":41,"failureDetails":[],"failureMessages":[],"fullName":"<AbsoluteBox /> Render must match regular()","invocations":1,"location":null,"numPassingAsserts":1,"retryReasons":[],"status":"passed","title":"must match regular()"}],"endTime":1694097302703,"message":"","name":"/Users/mts/PapillonBitsHub/freestyler/src/4 Box Models/4-07 Absolute Box/__tests__/AbsoluteBox.int.test.js","startTime":1694097293351,"status":"passed","summary":""},{"assertionResults":[{"ancestorTitles":["<Inheritance />","Render"],"duration":63,"failureDetails":[],"failureMessages":[],"fullName":"<Inheritance /> Render must match regular()","invocations":1,"location":null,"numPassingAsserts":1,"retryReasons":[],"status":"passed","title":"must match regular()"}],"endTime":1694097302785,"message":"","name":"/Users/mts/PapillonBitsHub/freestyler/src/3 Selectors/3-07 Inheritance/__tests__/Inheritance.int.test.js","startTime":1694097293540,"status":"passed","summary":""},{"assertionResults":[{"ancestorTitles":["<HTMLStructure />","Render"],"duration":300,"failureDetails":[],"failureMessages":[],"fullName":"<HTMLStructure /> Render must match regular()","invocations":1,"location":null,"numPassingAsserts":1,"retryReasons":[],"status":"passed","title":"must match regular()"}],"endTime":1694097302956,"message":"","name":"/Users/mts/PapillonBitsHub/freestyler/src/2 HTML Design Patterns/2-01 HTML Structure/__tests__/HTMLStructure.int.test.js","startTime":1694097293345,"status":"passed","summary":""},{"assertionResults":[{"ancestorTitles":["<FloatedBox />","Render"],"duration":29,"failureDetails":[],"failureMessages":[],"fullName":"<FloatedBox /> Render must match regular()","invocations":1,"location":null,"numPassingAsserts":1,"retryReasons":[],"status":"passed","title":"must match regular()"}],"endTime":1694097308880,"message":"","name":"/Users/mts/PapillonBitsHub/freestyler/src/4 Box Models/4-08 Floated Box/__tests__/FloatedBox.int.test.js","startTime":1694097299451,"status":"passed","summary":""},{"assertionResults":[{"ancestorTitles":["<Stretched />","Render"],"duration":32,"failureDetails":[],"failureMessages":[],"fullName":"<Stretched /> Render must match regular()","invocations":1,"location":null,"numPassingAsserts":1,"retryReasons":[],"status":"passed","title":"must match regular()"}],"endTime":1694097308884,"message":"","name":"/Users/mts/PapillonBitsHub/freestyler/src/5 Box Model Extents/5-05 Stretched/__tests__/Stretched.int.test.js","startTime":1694097299503,"status":"passed","summary":""},{"assertionResults":[{"ancestorTitles":["<CSSSyntax />","Render"],"duration":21,"failureDetails":[],"failureMessages":[],"fullName":"<CSSSyntax /> Render must match regular()","invocations":1,"location":null,"numPassingAsserts":1,"retryReasons":[],"status":"passed","title":"must match regular()"}],"endTime":1694097310223,"message":"","name":"/Users/mts/PapillonBitsHub/freestyler/src/1 Design Patterns/1-06 CSS Syntax/__tests__/CSSSyntax.int.test.js","startTime":1694097302741,"status":"passed","summary":""},{"assertionResults":[{"ancestorTitles":["<InlineBox />","Render"],"duration":23,"failureDetails":[],"failureMessages":[],"fullName":"<InlineBox /> Render must match regular()","invocations":1,"location":null,"numPassingAsserts":1,"retryReasons":[],"status":"passed","title":"must match regular()"}],"endTime":1694097310224,"message":"","name":"/Users/mts/PapillonBitsHub/freestyler/src/4 Box Models/4-03 Inline Box/__tests__/InlineBox.int.test.js","startTime":1694097302741,"status":"passed","summary":""},{"assertionResults":[{"ancestorTitles":["<BoxModel />","Render"],"duration":29,"failureDetails":[],"failureMessages":[],"fullName":"<BoxModel /> Render must match regular()","invocations":1,"location":null,"numPassingAsserts":1,"retryReasons":[],"status":"passed","title":"must match regular()"}],"endTime":1694097310229,"message":"","name":"/Users/mts/PapillonBitsHub/freestyler/src/4 Box Models/4-02 Box Model/__tests__/BoxModel.int.test.js","startTime":1694097303042,"status":"passed","summary":""},{"assertionResults":[{"ancestorTitles":["<BlockBox />","Render"],"duration":28,"failureDetails":[],"failureMessages":[],"fullName":"<BlockBox /> Render must match regular()","invocations":1,"location":null,"numPassingAsserts":1,"retryReasons":[],"status":"passed","title":"must match regular()"}],"endTime":1694097310279,"message":"","name":"/Users/mts/PapillonBitsHub/freestyler/src/4 Box Models/4-05 Block Box/__tests__/BlockBox.int.test.js","startTime":1694097302797,"status":"passed","summary":""},{"assertionResults":[{"ancestorTitles":["<TableBox />","Render"],"duration":159,"failureDetails":[],"failureMessages":[],"fullName":"<TableBox /> Render must match regular()","invocations":1,"location":null,"numPassingAsserts":1,"retryReasons":[],"status":"passed","title":"must match regular()"}],"endTime":1694097310410,"message":"","name":"/Users/mts/PapillonBitsHub/freestyler/src/4 Box Models/4-06 Table Box/__tests__/TableBox.int.test.js","startTime":1694097302792,"status":"passed","summary":""},{"assertionResults":[{"ancestorTitles":["<Sized />","Render"],"duration":51,"failureDetails":[],"failureMessages":[],"fullName":"<Sized /> Render must match regular()","invocations":1,"location":null,"numPassingAsserts":1,"retryReasons":[],"status":"passed","title":"must match regular()"}],"endTime":1694097316342,"message":"","name":"/Users/mts/PapillonBitsHub/freestyler/src/5 Box Model Extents/5-03 Sized/__tests__/Sized.int.test.js","startTime":1694097310238,"status":"passed","summary":""},{"assertionResults":[{"ancestorTitles":["<DOCTYPE />","Render"],"duration":47,"failureDetails":[],"failureMessages":[],"fullName":"<DOCTYPE /> Render must match regular()","invocations":1,"location":null,"numPassingAsserts":1,"retryReasons":[],"status":"passed","title":"must match regular()"}],"endTime":1694097316347,"message":"","name":"/Users/mts/PapillonBitsHub/freestyler/src/2 HTML Design Patterns/2-03 DOCTYPE/__tests__/DOCTYPE.int.test.js","startTime":1694097310239,"status":"passed","summary":""},{"assertionResults":[{"ancestorTitles":["<Height />","Render"],"duration":55,"failureDetails":[],"failureMessages":[],"fullName":"<Height /> Render must match regular()","invocations":1,"location":null,"numPassingAsserts":1,"retryReasons":[],"status":"passed","title":"must match regular()"}],"endTime":1694097316347,"message":"","name":"/Users/mts/PapillonBitsHub/freestyler/src/5 Box Model Extents/5-02 Height/__tests__/Height.int.test.js","startTime":1694097310240,"status":"passed","summary":""},{"assertionResults":[{"ancestorTitles":["<Absolute />","Render"],"duration":32,"failureDetails":[],"failureMessages":[],"fullName":"<Absolute /> Render must match regular()","invocations":1,"location":null,"numPassingAsserts":1,"retryReasons":[],"status":"passed","title":"must match regular()"}],"endTime":1694097316352,"message":"","name":"/Users/mts/PapillonBitsHub/freestyler/src/1 Design Patterns/1-02 Absolute/__tests__/Absolute.int.test.js","startTime":1694097308896,"status":"passed","summary":""},{"assertionResults":[{"ancestorTitles":["<XHTML />","Render"],"duration":95,"failureDetails":[],"failureMessages":[],"fullName":"<XHTML /> Render must match regular()","invocations":1,"location":null,"numPassingAsserts":1,"retryReasons":[],"status":"passed","title":"must match regular()"}],"endTime":1694097316387,"message":"","name":"/Users/mts/PapillonBitsHub/freestyler/src/2 HTML Design Patterns/2-02 XHTML/__tests__/XHTML.int.test.js","startTime":1694097310446,"status":"passed","summary":""},{"assertionResults":[{"ancestorTitles":["<Width />","Render"],"duration":59,"failureDetails":[],"failureMessages":[],"fullName":"<Width /> Render must match regular()","invocations":1,"location":null,"numPassingAsserts":1,"retryReasons":[],"status":"passed","title":"must match regular()"}],"endTime":1694097316417,"message":"","name":"/Users/mts/PapillonBitsHub/freestyler/src/5 Box Model Extents/5-01 Width/__tests__/Width.int.test.js","startTime":1694097310299,"status":"passed","summary":""},{"assertionResults":[{"ancestorTitles":["<Display />","Render"],"duration":412,"failureDetails":[],"failureMessages":[],"fullName":"<Display /> Render must match regular()","invocations":1,"location":null,"numPassingAsserts":1,"retryReasons":[],"status":"passed","title":"must match regular()"}],"endTime":1694097316712,"message":"","name":"/Users/mts/PapillonBitsHub/freestyler/src/4 Box Models/4-01 Display/__tests__/Display.int.test.js","startTime":1694097308903,"status":"passed","summary":""}],"wasInterrupted":false}
