{"numFailedTestSuites":0,"numFailedTests":0,"numPassedTestSuites":40,"numPassedTests":40,"numPendingTestSuites":0,"numPendingTests":0,"numRuntimeErrorTestSuites":0,"numTodoTests":0,"numTotalTestSuites":40,"numTotalTests":40,"openHandles":[],"snapshot":{"added":0,"didUpdate":false,"failure":false,"filesAdded":0,"filesRemoved":0,"filesRemovedList":[],"filesUnmatched":0,"filesUpdated":0,"matched":40,"total":40,"unchecked":0,"uncheckedKeysByFile":[],"unmatched":0,"updated":0},"startTime":1666363919539,"success":true,"testResults":[{"assertionResults":[{"ancestorTitles":["<PositionGroupSelectors />","Render"],"duration":89,"failureDetails":[],"failureMessages":[],"fullName":"<PositionGroupSelectors /> Render must match regular()","invocations":1,"location":null,"numPassingAsserts":0,"retryReasons":[],"status":"passed","title":"must match regular()"}],"endTime":1666363926818,"message":"","name":"/Users/mts/PapillonBitsHub/freestyler/src/#3 Selectors/3-02. Position and Group Selectors/__tests__/PositionGroupSelectors.int.test.js","startTime":1666363921095,"status":"passed","summary":""},{"assertionResults":[{"ancestorTitles":["<Height />","Render"],"duration":142,"failureDetails":[],"failureMessages":[],"fullName":"<Height /> Render must match regular()","invocations":1,"location":null,"numPassingAsserts":0,"retryReasons":[],"status":"passed","title":"must match regular()"}],"endTime":1666363926877,"message":"","name":"/Users/mts/PapillonBitsHub/freestyler/src/#5 Box Model Extents/5-02. Height/__tests__/Height.int.test.js","startTime":1666363921171,"status":"passed","summary":""},{"assertionResults":[{"ancestorTitles":["<BlockBox />","Render"],"duration":133,"failureDetails":[],"failureMessages":[],"fullName":"<BlockBox /> Render must match regular()","invocations":1,"location":null,"numPassingAsserts":0,"retryReasons":[],"status":"passed","title":"must match regular()"}],"endTime":1666363926883,"message":"","name":"/Users/mts/PapillonBitsHub/freestyler/src/#4 Box Models/4-05. Block Box/__tests__/BlockBox.int.test.js","startTime":1666363921182,"status":"passed","summary":""},{"assertionResults":[{"ancestorTitles":["<XHTML />","Render"],"duration":148,"failureDetails":[],"failureMessages":[],"fullName":"<XHTML /> Render must match regular()","invocations":1,"location":null,"numPassingAsserts":0,"retryReasons":[],"status":"passed","title":"must match regular()"}],"endTime":1666363926909,"message":"","name":"/Users/mts/PapillonBitsHub/freestyler/src/#2 HTML Design Patterns/2-02. XHTML/__tests__/XHTML.int.test.js","startTime":1666363921153,"status":"passed","summary":""},{"assertionResults":[{"ancestorTitles":["<Width />","Render"],"duration":131,"failureDetails":[],"failureMessages":[],"fullName":"<Width /> Render must match regular()","invocations":1,"location":null,"numPassingAsserts":0,"retryReasons":[],"status":"passed","title":"must match regular()"}],"endTime":1666363926890,"message":"","name":"/Users/mts/PapillonBitsHub/freestyler/src/#5 Box Model Extents/5-01. Width/__tests__/Width.int.test.js","startTime":1666363921132,"status":"passed","summary":""},{"assertionResults":[{"ancestorTitles":["<TableBox />","Render"],"duration":168,"failureDetails":[],"failureMessages":[],"fullName":"<TableBox /> Render must match regular()","invocations":1,"location":null,"numPassingAsserts":0,"retryReasons":[],"status":"passed","title":"must match regular()"}],"endTime":1666363926944,"message":"","name":"/Users/mts/PapillonBitsHub/freestyler/src/#4 Box Models/4-06. Table Box/__tests__/TableBox.int.test.js","startTime":1666363921104,"status":"passed","summary":""},{"assertionResults":[{"ancestorTitles":["<Display />","Render"],"duration":241,"failureDetails":[],"failureMessages":[],"fullName":"<Display /> Render must match regular()","invocations":1,"location":null,"numPassingAsserts":0,"retryReasons":[],"status":"passed","title":"must match regular()"}],"endTime":1666363927103,"message":"","name":"/Users/mts/PapillonBitsHub/freestyler/src/#4 Box Models/4-01. Display/__tests__/Display.int.test.js","startTime":1666363921129,"status":"passed","summary":""},{"assertionResults":[{"ancestorTitles":["<PseudoClassSelectors />","Render"],"duration":64,"failureDetails":[],"failureMessages":[],"fullName":"<PseudoClassSelectors /> Render must match regular()","invocations":1,"location":null,"numPassingAsserts":0,"retryReasons":[],"status":"passed","title":"must match regular()"}],"endTime":1666363929430,"message":"","name":"/Users/mts/PapillonBitsHub/freestyler/src/#3 Selectors/3-05. Presudo-class Selectors/__tests__/PseudoClassSelectors.int.test.js","startTime":1666363926916,"status":"passed","summary":""},{"assertionResults":[{"ancestorTitles":["<BoxModel />","Render"],"duration":127,"failureDetails":[],"failureMessages":[],"fullName":"<BoxModel /> Render must match regular()","invocations":1,"location":null,"numPassingAsserts":0,"retryReasons":[],"status":"passed","title":"must match regular()"}],"endTime":1666363929462,"message":"","name":"/Users/mts/PapillonBitsHub/freestyler/src/#4 Box Models/4-02. Box Model/__tests__/BoxModel.int.test.js","startTime":1666363926853,"status":"passed","summary":""},{"assertionResults":[{"ancestorTitles":["<CSSSyntax />","Render"],"duration":65,"failureDetails":[],"failureMessages":[],"fullName":"<CSSSyntax /> Render must match regular()","invocations":1,"location":null,"numPassingAsserts":0,"retryReasons":[],"status":"passed","title":"must match regular()"}],"endTime":1666363929467,"message":"","name":"/Users/mts/PapillonBitsHub/freestyler/src/#1 Design Patterns/1-06 CSS Syntax/__tests__/CSSSyntax.int.test.js","startTime":1666363927001,"status":"passed","summary":""},{"assertionResults":[{"ancestorTitles":["<Absolute />","Render"],"duration":71,"failureDetails":[],"failureMessages":[],"fullName":"<Absolute /> Render must match regular()","invocations":1,"location":null,"numPassingAsserts":0,"retryReasons":[],"status":"passed","title":"must match regular()"}],"endTime":1666363929479,"message":"","name":"/Users/mts/PapillonBitsHub/freestyler/src/#1 Design Patterns/1-02. Absolute/__tests__/Absolute.int.test.js","startTime":1666363926927,"status":"passed","summary":""},{"assertionResults":[{"ancestorTitles":["<Sized />","Render"],"duration":79,"failureDetails":[],"failureMessages":[],"fullName":"<Sized /> Render must match regular()","invocations":1,"location":null,"numPassingAsserts":0,"retryReasons":[],"status":"passed","title":"must match regular()"}],"endTime":1666363929483,"message":"","name":"/Users/mts/PapillonBitsHub/freestyler/src/#5 Box Model Extents/5-03. Sized/__tests__/Sized.int.test.js","startTime":1666363926948,"status":"passed","summary":""},{"assertionResults":[{"ancestorTitles":["<DOCTYPE />","Render"],"duration":111,"failureDetails":[],"failureMessages":[],"fullName":"<DOCTYPE /> Render must match regular()","invocations":1,"location":null,"numPassingAsserts":0,"retryReasons":[],"status":"passed","title":"must match regular()"}],"endTime":1666363929520,"message":"","name":"/Users/mts/PapillonBitsHub/freestyler/src/#2 HTML Design Patterns/2-03. DOCTYPE/__tests__/DOCTYPE.int.test.js","startTime":1666363926970,"status":"passed","summary":""},{"assertionResults":[{"ancestorTitles":["<Stretched />","Render"],"duration":94,"failureDetails":[],"failureMessages":[],"fullName":"<Stretched /> Render must match regular()","invocations":1,"location":null,"numPassingAsserts":0,"retryReasons":[],"status":"passed","title":"must match regular()"}],"endTime":1666363929729,"message":"","name":"/Users/mts/PapillonBitsHub/freestyler/src/#5 Box Model Extents/5-05. Stretched/__tests__/Stretched.int.test.js","startTime":1666363927124,"status":"passed","summary":""},{"assertionResults":[{"ancestorTitles":["<AttributeSelectors />","Render"],"duration":60,"failureDetails":[],"failureMessages":[],"fullName":"<AttributeSelectors /> Render must match regular()","invocations":1,"location":null,"numPassingAsserts":0,"retryReasons":[],"status":"passed","title":"must match regular()"}],"endTime":1666363931807,"message":"","name":"/Users/mts/PapillonBitsHub/freestyler/src/#3 Selectors/3-03. Attribute Selectors/__tests__/AttributeSelectors.int.test.js","startTime":1666363929472,"status":"passed","summary":""},{"assertionResults":[{"ancestorTitles":["<LeftMarginal />","Render"],"duration":78,"failureDetails":[],"failureMessages":[],"fullName":"<LeftMarginal /> Render must match regular()","invocations":1,"location":null,"numPassingAsserts":0,"retryReasons":[],"status":"passed","title":"must match regular()"}],"endTime":1666363931839,"message":"","name":"/Users/mts/PapillonBitsHub/freestyler/src/#1 Design Patterns/1-04. Left Marginal/__tests__/LeftMarginal.int.test.js","startTime":1666363929471,"status":"passed","summary":""},{"assertionResults":[{"ancestorTitles":["<InlineElements />","Render"],"duration":95,"failureDetails":[],"failureMessages":[],"fullName":"<InlineElements /> Render must match regular()","invocations":1,"location":null,"numPassingAsserts":0,"retryReasons":[],"status":"passed","title":"must match regular()"}],"endTime":1666363931857,"message":"","name":"/Users/mts/PapillonBitsHub/freestyler/src/#2 HTML Design Patterns/2-09. Inline Elements/__tests__/InlineElements.int.test.js","startTime":1666363929448,"status":"passed","summary":""},{"assertionResults":[{"ancestorTitles":["<ClassIdAttributes />","Render"],"duration":81,"failureDetails":[],"failureMessages":[],"fullName":"<ClassIdAttributes /> Render must match regular()","invocations":1,"location":null,"numPassingAsserts":0,"retryReasons":[],"status":"passed","title":"must match regular()"}],"endTime":1666363931858,"message":"","name":"/Users/mts/PapillonBitsHub/freestyler/src/#2 HTML Design Patterns/2-10. Class and ID Attributes/__tests__/ClassIdAttributes.int.test.js","startTime":1666363929483,"status":"passed","summary":""},{"assertionResults":[{"ancestorTitles":["<SubclassSelector />","Render"],"duration":65,"failureDetails":[],"failureMessages":[],"fullName":"<SubclassSelector /> Render must match regular()","invocations":1,"location":null,"numPassingAsserts":0,"retryReasons":[],"status":"passed","title":"must match regular()"}],"endTime":1666363931874,"message":"","name":"/Users/mts/PapillonBitsHub/freestyler/src/#3 Selectors/3-06. Subclass Selector/__tests__/SubclassSelector.int.test.js","startTime":1666363929488,"status":"passed","summary":""},{"assertionResults":[{"ancestorTitles":["<TypeClassIdSelectors />","Render"],"duration":102,"failureDetails":[],"failureMessages":[],"fullName":"<TypeClassIdSelectors /> Render must match regular()","invocations":1,"location":null,"numPassingAsserts":0,"retryReasons":[],"status":"passed","title":"must match regular()"}],"endTime":1666363932000,"message":"","name":"/Users/mts/PapillonBitsHub/freestyler/src/#3 Selectors/3-01. Type Class and ID Selectors/__tests__/TypeClassIdSelectors.int.test.js","startTime":1666363929538,"status":"passed","summary":""},{"assertionResults":[{"ancestorTitles":["<AbsoluteBox />","Render"],"duration":72,"failureDetails":[],"failureMessages":[],"fullName":"<AbsoluteBox /> Render must match regular()","invocations":1,"location":null,"numPassingAsserts":0,"retryReasons":[],"status":"passed","title":"must match regular()"}],"endTime":1666363932117,"message":"","name":"/Users/mts/PapillonBitsHub/freestyler/src/#4 Box Models/4-07. Absolute Box/__tests__/AbsoluteBox.int.test.js","startTime":1666363929742,"status":"passed","summary":""},{"assertionResults":[{"ancestorTitles":["<FloatingDropCap />","Render"],"duration":44,"failureDetails":[],"failureMessages":[],"fullName":"<FloatingDropCap /> Render must match regular()","invocations":1,"location":null,"numPassingAsserts":0,"retryReasons":[],"status":"passed","title":"must match regular()"}],"endTime":1666363934163,"message":"","name":"/Users/mts/PapillonBitsHub/freestyler/src/#0 Intro/Floating Drop Cap/__tests__/FloatingDropCap.int.test.js","startTime":1666363931855,"status":"passed","summary":""},{"assertionResults":[{"ancestorTitles":["<VisualInheritance />","Render"],"duration":78,"failureDetails":[],"failureMessages":[],"fullName":"<VisualInheritance /> Render must match regular()","invocations":1,"location":null,"numPassingAsserts":0,"retryReasons":[],"status":"passed","title":"must match regular()"}],"endTime":1666363934196,"message":"","name":"/Users/mts/PapillonBitsHub/freestyler/src/#3 Selectors/3-08. Visual Inheritance/__tests__/VisualInheritance.int.test.js","startTime":1666363931877,"status":"passed","summary":""},{"assertionResults":[{"ancestorTitles":["<Inheritance />","Render"],"duration":81,"failureDetails":[],"failureMessages":[],"fullName":"<Inheritance /> Render must match regular()","invocations":1,"location":null,"numPassingAsserts":0,"retryReasons":[],"status":"passed","title":"must match regular()"}],"endTime":1666363934243,"message":"","name":"/Users/mts/PapillonBitsHub/freestyler/src/#3 Selectors/3-07. Inheritance/__tests__/Inheritance.int.test.js","startTime":1666363931903,"status":"passed","summary":""},{"assertionResults":[{"ancestorTitles":["<Shrinkwrapped />","Render"],"duration":151,"failureDetails":[],"failureMessages":[],"fullName":"<Shrinkwrapped /> Render must match regular()","invocations":1,"location":null,"numPassingAsserts":0,"retryReasons":[],"status":"passed","title":"must match regular()"}],"endTime":1666363934266,"message":"","name":"/Users/mts/PapillonBitsHub/freestyler/src/#5 Box Model Extents/5-04. Shrinkwrapped/__tests__/Shrinkwrapped.int.test.js","startTime":1666363931869,"status":"passed","summary":""},{"assertionResults":[{"ancestorTitles":["<HTMLWhitespace />","Render"],"duration":164,"failureDetails":[],"failureMessages":[],"fullName":"<HTMLWhitespace /> Render must match regular()","invocations":1,"location":null,"numPassingAsserts":0,"retryReasons":[],"status":"passed","title":"must match regular()"}],"endTime":1666363934547,"message":"","name":"/Users/mts/PapillonBitsHub/freestyler/src/#2 HTML Design Patterns/2-11. HTML Whitespace/__tests__/HTMLWhitespace.int.test.js","startTime":1666363932005,"status":"passed","summary":""},{"assertionResults":[{"ancestorTitles":["<HTMLStructure />","Render"],"duration":487,"failureDetails":[],"failureMessages":[],"fullName":"<HTMLStructure /> Render must match regular()","invocations":1,"location":null,"numPassingAsserts":0,"retryReasons":[],"status":"passed","title":"must match regular()"}],"endTime":1666363934593,"message":"","name":"/Users/mts/PapillonBitsHub/freestyler/src/#2 HTML Design Patterns/2-01. HTML Structure/__tests__/HTMLStructure.int.test.js","startTime":1666363931838,"status":"passed","summary":""},{"assertionResults":[{"ancestorTitles":["<InlineBox />","Render"],"duration":141,"failureDetails":[],"failureMessages":[],"fullName":"<InlineBox /> Render must match regular()","invocations":1,"location":null,"numPassingAsserts":0,"retryReasons":[],"status":"passed","title":"must match regular()"}],"endTime":1666363934700,"message":"","name":"/Users/mts/PapillonBitsHub/freestyler/src/#4 Box Models/4-03. Inline Box/__tests__/InlineBox.int.test.js","startTime":1666363932153,"status":"passed","summary":""},{"assertionResults":[{"ancestorTitles":["<CascadeOrder />","Render"],"duration":49,"failureDetails":[],"failureMessages":[],"fullName":"<CascadeOrder /> Render must match regular()","invocations":1,"location":null,"numPassingAsserts":0,"retryReasons":[],"status":"passed","title":"must match regular()"}],"endTime":1666363937066,"message":"","name":"/Users/mts/PapillonBitsHub/freestyler/src/#1 Design Patterns/1-07. Cascade Order/__tests__/CascadeOrder.int.test.js","startTime":1666363934355,"status":"passed","summary":""},{"assertionResults":[{"ancestorTitles":["<MultiPurposeBlockElements />","Render"],"duration":100,"failureDetails":[],"failureMessages":[],"fullName":"<MultiPurposeBlockElements /> Render must match regular()","invocations":1,"location":null,"numPassingAsserts":0,"retryReasons":[],"status":"passed","title":"must match regular()"}],"endTime":1666363937165,"message":"","name":"/Users/mts/PapillonBitsHub/freestyler/src/#2 HTML Design Patterns/2-08. Multi-purpose Block Elements/__tests__/MultiPurposeBlockElements.int.test.js","startTime":1666363934281,"status":"passed","summary":""},{"assertionResults":[{"ancestorTitles":["<FloatedBox />","Render"],"duration":94,"failureDetails":[],"failureMessages":[],"fullName":"<FloatedBox /> Render must match regular()","invocations":1,"location":null,"numPassingAsserts":0,"retryReasons":[],"status":"passed","title":"must match regular()"}],"endTime":1666363937227,"message":"","name":"/Users/mts/PapillonBitsHub/freestyler/src/#4 Box Models/4-08. Floated Box/__tests__/FloatedBox.int.test.js","startTime":1666363934487,"status":"passed","summary":""},{"assertionResults":[{"ancestorTitles":["<InlineBlockBox />","Render"],"duration":82,"failureDetails":[],"failureMessages":[],"fullName":"<InlineBlockBox /> Render must match regular()","invocations":1,"location":null,"numPassingAsserts":0,"retryReasons":[],"status":"passed","title":"must match regular()"}],"endTime":1666363937217,"message":"","name":"/Users/mts/PapillonBitsHub/freestyler/src/#4 Box Models/4-04. Inline-block Box/__tests__/InlineBlockBox.int.test.js","startTime":1666363934212,"status":"passed","summary":""},{"assertionResults":[{"ancestorTitles":["<HeaderElements />","Render"],"duration":65,"failureDetails":[],"failureMessages":[],"fullName":"<HeaderElements /> Render must match regular()","invocations":1,"location":null,"numPassingAsserts":0,"retryReasons":[],"status":"passed","title":"must match regular()"}],"endTime":1666363937327,"message":"","name":"/Users/mts/PapillonBitsHub/freestyler/src/#2 HTML Design Patterns/2-04. Header Elements/__tests__/HeaderElements.int.test.js","startTime":1666363934640,"status":"passed","summary":""},{"assertionResults":[{"ancestorTitles":["<TextReplacement />","Render"],"duration":63,"failureDetails":[],"failureMessages":[],"fullName":"<TextReplacement /> Render must match regular()","invocations":1,"location":null,"numPassingAsserts":0,"retryReasons":[],"status":"passed","title":"must match regular()"}],"endTime":1666363937367,"message":"","name":"/Users/mts/PapillonBitsHub/freestyler/src/#1 Design Patterns/1-03. Text Replacement/__tests__/TextReplacement.int.test.js","startTime":1666363934552,"status":"passed","summary":""},{"assertionResults":[{"ancestorTitles":["<StructuralBlockElements />","Render"],"duration":106,"failureDetails":[],"failureMessages":[],"fullName":"<StructuralBlockElements /> Render must match regular()","invocations":1,"location":null,"numPassingAsserts":0,"retryReasons":[],"status":"passed","title":"must match regular()"}],"endTime":1666363937463,"message":"","name":"/Users/mts/PapillonBitsHub/freestyler/src/#2 HTML Design Patterns/2-06. Structural Block Elements/__tests__/StructuralBlockElements.int.test.js","startTime":1666363934728,"status":"passed","summary":""},{"assertionResults":[{"ancestorTitles":["<BackgroundImage />","Render"],"duration":43,"failureDetails":[],"failureMessages":[],"fullName":"<BackgroundImage /> Render must match regular()","invocations":1,"location":null,"numPassingAsserts":0,"retryReasons":[],"status":"passed","title":"must match regular()"}],"endTime":1666363938791,"message":"","name":"/Users/mts/PapillonBitsHub/freestyler/src/#1 Design Patterns/1-01. Background Image/__tests__/BackgroundImage.int.test.js","startTime":1666363937079,"status":"passed","summary":""},{"assertionResults":[{"ancestorTitles":["<ConditionalStylesheet />","Render"],"duration":37,"failureDetails":[],"failureMessages":[],"fullName":"<ConditionalStylesheet /> Render must match regular()","invocations":1,"location":null,"numPassingAsserts":0,"retryReasons":[],"status":"passed","title":"must match regular()"}],"endTime":1666363938844,"message":"","name":"/Users/mts/PapillonBitsHub/freestyler/src/#2 HTML Design Patterns/2-05. Conditional Stylesheet/__tests__/ConditionalStylesheet.int.test.js","startTime":1666363937179,"status":"passed","summary":""},{"assertionResults":[{"ancestorTitles":["<PseudoElementSelectors />","Render"],"duration":39,"failureDetails":[],"failureMessages":[],"fullName":"<PseudoElementSelectors /> Render must match regular()","invocations":1,"location":null,"numPassingAsserts":0,"retryReasons":[],"status":"passed","title":"must match regular()"}],"endTime":1666363938871,"message":"","name":"/Users/mts/PapillonBitsHub/freestyler/src/#3 Selectors/3-04. Pseudo-element Selectors/__tests__/PseudoElementSelectors.int.test.js","startTime":1666363937231,"status":"passed","summary":""},{"assertionResults":[{"ancestorTitles":["<TerminalBlockElements />","Render"],"duration":67,"failureDetails":[],"failureMessages":[],"fullName":"<TerminalBlockElements /> Render must match regular()","invocations":1,"location":null,"numPassingAsserts":0,"retryReasons":[],"status":"passed","title":"must match regular()"}],"endTime":1666363938895,"message":"","name":"/Users/mts/PapillonBitsHub/freestyler/src/#2 HTML Design Patterns/2-07. Terminal Block Elements/__tests__/TerminalBlockElements.int.test.js","startTime":1666363937252,"status":"passed","summary":""},{"assertionResults":[{"ancestorTitles":["<MarginalGraphicDropCap />","Render"],"duration":28,"failureDetails":[],"failureMessages":[],"fullName":"<MarginalGraphicDropCap /> Render must match regular()","invocations":1,"location":null,"numPassingAsserts":0,"retryReasons":[],"status":"passed","title":"must match regular()"}],"endTime":1666363938909,"message":"","name":"/Users/mts/PapillonBitsHub/freestyler/src/#1 Design Patterns/1-05. Marginal Graphic Drop Cap/__tests__/MarginalGraphicDropCap.int.test.js","startTime":1666363937343,"status":"passed","summary":""}],"wasInterrupted":false}